.\gradlew : 
At line:1 char:1
+ .\gradlew clean build 2>&1 | Out-File -FilePath 
build_editor2.txt -En ...
+ ~~~~~~~~~~~~~~~~~~~~~~~~~~
    + CategoryInfo          : NotSpecified: (:String)  
   [], RemoteException
    + FullyQualifiedErrorId : NativeCommandError
 
FAILURE: Build failed with an exception.

* Where:
Build file 'C:\Users\uriol\development\projects\Backgro
unds\app\build.gradle.kts' line: 52

* What went wrong:
Project with path ':feature:shaders:editor2' could not 
be found in project ':app'.

* Try:
> Run with --stacktrace option to get the stack trace.
> Run with --info or --debug option to get more log 
output.
> Run with --scan to get full insights.
> Get more help at https://help.gradle.org.

BUILD FAILED in 576ms
